<?xml version="1.0" encoding="UTF-8"?>
<!-- Generated by org.testng.reporters.JUnitXMLReporter -->
<testsuite ignored="0" hostname="LAPTOP-SUO3NIPV" failures="1" tests="1" name="Smoke_Test(failed)(failed)" time="0.0" errors="0" timestamp="20 Dec 2017 19:27:01 GMT">
  <testcase classname="TestNG.TC1" name="Tc" time="0.0">
    <failure type="java.lang.AssertionError" message="expected [true] but found [false]">
      <![CDATA[java.lang.AssertionError: expected [true] but found [false]at TestNG.TC1.Tc(TC1.java:9)at TestNG.RErun_failed_TCS.TC2(RErun_failed_TCS.java:19)... Removed 51 stack frames]]>
    </failure>
  </testcase> <!-- Tc -->
</testsuite> <!-- Smoke_Test(failed)(failed) -->
