<?xml version="1.0" encoding="UTF-8"?>
<testng-results ignored="0" total="1" passed="1" failed="0" skipped="0">
  <reporter-output>
  </reporter-output>
  <suite started-at="2017-12-21T22:44:01Z" name="TestNG_Suite" finished-at="2017-12-21T22:44:06Z" duration-ms="4896">
    <groups>
    </groups>
    <test started-at="2017-12-21T22:44:01Z" name="Smoke_Test" finished-at="2017-12-21T22:44:06Z" duration-ms="4896">
      <class name="UI_Tests.webdriver_commands">
        <test-method signature="TC1()[pri:0, instance:UI_Tests.webdriver_commands@7ce69770]" started-at="2017-12-21T22:44:01Z" name="TC1" finished-at="2017-12-21T22:44:06Z" duration-ms="4874" status="PASS">
          <reporter-output>
          </reporter-output>
        </test-method> <!-- TC1 -->
      </class> <!-- UI_Tests.webdriver_commands -->
    </test> <!-- Smoke_Test -->
  </suite> <!-- TestNG_Suite -->
</testng-results>
