<?xml version="1.0" encoding="UTF-8"?>
<!-- Generated by org.testng.reporters.JUnitXMLReporter -->
<testsuite ignored="0" hostname="LAPTOP-SUO3NIPV" failures="1" tests="1" name="Smoke_Test(failed)" time="0.031" errors="0" timestamp="20 Dec 2017 19:23:59 GMT">
  <testcase classname="TestNG.TC1" name="Tc" time="0.015">
    <failure type="java.lang.AssertionError" message="expected [true] but found [false]">
      <![CDATA[java.lang.AssertionError: expected [true] but found [false]at TestNG.TC1.Tc(TC1.java:9)... Removed 29 stack frames]]>
    </failure>
  </testcase> <!-- Tc -->
</testsuite> <!-- Smoke_Test(failed) -->
